This is pdfTeX, Version 3.141592653-2.6-1.40.22 (TeX Live 2022/dev/Debian) (preloaded format=pdflatex 2024.8.7)  30 OCT 2024 18:47
entering extended mode
 restricted \write18 enabled.
 %&-line parsing enabled.
**main.tex
(./main.tex
LaTeX2e <2021-11-15> patch level 1
L3 programming layer <2022-01-21>

! LaTeX Error: Lonely \item--perhaps a missing list environment.

See the LaTeX manual or LaTeX Companion for explanation.
Type  H <return>  for immediate help.
 ...                                              
                                                  
l.9 	\item I
            f the sum of the series $\frac{1}{1.\brak{1+d}}+\frac{1}{\brak{1...

? 
Missing character: There is no I in font nullfont!
Missing character: There is no f in font nullfont!
Missing character: There is no t in font nullfont!
Missing character: There is no h in font nullfont!
Missing character: There is no e in font nullfont!
Missing character: There is no s in font nullfont!
Missing character: There is no u in font nullfont!
Missing character: There is no m in font nullfont!
Missing character: There is no o in font nullfont!
Missing character: There is no f in font nullfont!
Missing character: There is no t in font nullfont!
Missing character: There is no h in font nullfont!
Missing character: There is no e in font nullfont!
Missing character: There is no s in font nullfont!
Missing character: There is no e in font nullfont!
Missing character: There is no r in font nullfont!
Missing character: There is no i in font nullfont!
Missing character: There is no e in font nullfont!
Missing character: There is no s in font nullfont!
LaTeX Font Info:    External font `cmex10' loaded for size
(Font)              <7> on input line 9.
LaTeX Font Info:    External font `cmex10' loaded for size
(Font)              <5> on input line 9.
! Undefined control sequence.
<argument> 1.\brak 
                   {1+d}
l.9 ...e sum of the series $\frac{1}{1.\brak{1+d}}
                                                  +\frac{1}{\brak{1+d}\brak{...

? 
! Undefined control sequence.
<argument> \brak 
                 {1+d}\brak {1+2d}
l.9 ...\brak{1+d}}+\frac{1}{\brak{1+d}\brak{1+2d}}
                                                  +\cdots+\frac{1}{\brak{1+9...

? 
! Undefined control sequence.
<argument> \brak {1+d}\brak 
                            {1+2d}
l.9 ...\brak{1+d}}+\frac{1}{\brak{1+d}\brak{1+2d}}
                                                  +\cdots+\frac{1}{\brak{1+9...

? 
! Undefined control sequence.
<argument> \brak 
                 {1+9d}\brak {1+10d}
l.9 ...}}+\cdots+\frac{1}{\brak{1+9d}\brak{1+10d}}
                                                  $ is equal to 5,then 50d i...

? 
! Undefined control sequence.
<argument> \brak {1+9d}\brak 
                             {1+10d}
l.9 ...}}+\cdots+\frac{1}{\brak{1+9d}\brak{1+10d}}
                                                  $ is equal to 5,then 50d i...

? X
 
Here is how much of TeX's memory you used:
 19 strings out of 478287
 418 string characters out of 5849290
 289007 words of memory out of 5000000
 18316 multiletter control sequences out of 15000+600000
 469259 words of font info for 28 fonts, out of 8000000 for 9000
 1141 hyphenation exceptions out of 8191
 18i,3n,12p,230b,54s stack positions out of 5000i,500n,10000p,200000b,80000s
No pages of output.
PDF statistics:
 0 PDF objects out of 1000 (max. 8388607)
 0 named destinations out of 1000 (max. 500000)
 1 words of extra memory for PDF output out of 10000 (max. 10000000)

